<?xml version="1.0" encoding="UTF-8"?>
<testng-results skipped="2" failed="0" total="2" passed="0">
  <reporter-output>
  </reporter-output>
  <suite name="TmpSuite" duration-ms="200495" started-at="2014-12-16T22:54:18Z" finished-at="2014-12-16T22:57:39Z">
    <groups>
    </groups>
    <test name="TmpTest" duration-ms="200495" started-at="2014-12-16T22:54:18Z" finished-at="2014-12-16T22:57:39Z">
      <class name="com.automation.appium.test.TestStorage">
        <test-method status="SKIP" signature="beforeClass()[pri:0, instance:com.automation.appium.test.TestStorage@478e2443]" name="beforeClass" is-config="true" duration-ms="0" started-at="2014-12-16T22:57:39Z" finished-at="2014-12-16T22:57:39Z">
          <reporter-output>
          </reporter-output>
        </test-method> <!-- beforeClass -->
        <test-method status="SKIP" signature="testStorageInformation()[pri:0, instance:com.automation.appium.test.TestStorage@478e2443]" name="testStorageInformation" duration-ms="1" started-at="2014-12-16T22:57:39Z" finished-at="2014-12-16T22:57:39Z">
          <reporter-output>
          </reporter-output>
        </test-method> <!-- testStorageInformation -->
        <test-method status="SKIP" signature="setUp()[pri:0, instance:com.automation.appium.test.TestStorage@478e2443]" name="setUp" is-config="true" duration-ms="0" started-at="2014-12-16T22:57:39Z" finished-at="2014-12-16T22:57:39Z">
          <reporter-output>
          </reporter-output>
        </test-method> <!-- setUp -->
        <test-method status="PASS" signature="tearDown()[pri:0, instance:com.automation.appium.test.TestStorage@478e2443]" name="tearDown" is-config="true" duration-ms="0" started-at="2014-12-16T22:57:39Z" finished-at="2014-12-16T22:57:39Z">
          <reporter-output>
          </reporter-output>
        </test-method> <!-- tearDown -->
      </class> <!-- com.automation.appium.test.TestStorage -->
      <class name="com.automation.appium.test.TestGeneral">
        <test-method status="PASS" signature="beforeSuite(org.testng.ITestContext)[pri:0, instance:com.automation.appium.test.TestGeneral@bedc134]" name="beforeSuite" is-config="true" duration-ms="11" started-at="2014-12-16T22:54:18Z" finished-at="2014-12-16T22:54:18Z">
          <params>
            <param index="0">
              <value>
                <![CDATA[org.testng.TestRunner@2c8bb731]]>
              </value>
            </param>
          </params>
          <reporter-output>
          </reporter-output>
        </test-method> <!-- beforeSuite -->
        <test-method status="PASS" signature="beforeClass()[pri:0, instance:com.automation.appium.test.TestGeneral@bedc134]" name="beforeClass" is-config="true" duration-ms="1" started-at="2014-12-16T22:54:18Z" finished-at="2014-12-16T22:54:18Z">
          <reporter-output>
          </reporter-output>
        </test-method> <!-- beforeClass -->
        <test-method status="FAIL" signature="setUp()[pri:0, instance:com.automation.appium.test.TestGeneral@bedc134]" name="setUp" is-config="true" duration-ms="0" started-at="2014-12-16T22:54:18Z" finished-at="2014-12-16T22:54:18Z">
          <exception class="org.openqa.selenium.remote.UnreachableBrowserException">
            <message>
              <![CDATA[Error communicating with the remote browser. It may have died.
Build info: version: '2.42.2', revision: '6a6995d', time: '2014-06-03 17:42:03'
System info: host: 'Dharmeshs-Air.lan', ip: '192.168.1.160', os.name: 'Mac OS X', os.arch: 'x86_64', os.version: '10.10.1', java.version: '1.7.0_60'
Driver info: driver.version: AppiumDriver]]>
            </message>
            <full-stacktrace>
              <![CDATA[org.openqa.selenium.remote.UnreachableBrowserException: Error communicating with the remote browser. It may have died.
Build info: version: '2.42.2', revision: '6a6995d', time: '2014-06-03 17:42:03'
System info: host: 'Dharmeshs-Air.lan', ip: '192.168.1.160', os.name: 'Mac OS X', os.arch: 'x86_64', os.version: '10.10.1', java.version: '1.7.0_60'
Driver info: driver.version: AppiumDriver
	at org.openqa.selenium.remote.RemoteWebDriver.execute(RemoteWebDriver.java:593)
	at io.appium.java_client.AppiumDriver.execute(AppiumDriver.java:82)
	at io.appium.java_client.AppiumDriver.execute(AppiumDriver.java:87)
	at io.appium.java_client.AppiumDriver.closeApp(AppiumDriver.java:433)
	at com.automation.core.BaseAppium.setUp(BaseAppium.java:61)
	at sun.reflect.NativeMethodAccessorImpl.invoke0(Native Method)
	at sun.reflect.NativeMethodAccessorImpl.invoke(NativeMethodAccessorImpl.java:57)
	at sun.reflect.DelegatingMethodAccessorImpl.invoke(DelegatingMethodAccessorImpl.java:43)
	at java.lang.reflect.Method.invoke(Method.java:606)
	at org.testng.internal.MethodInvocationHelper.invokeMethod(MethodInvocationHelper.java:84)
	at org.testng.internal.Invoker.invokeConfigurationMethod(Invoker.java:564)
	at org.testng.internal.Invoker.invokeConfigurations(Invoker.java:213)
	at org.testng.internal.Invoker.invokeMethod(Invoker.java:653)
	at org.testng.internal.Invoker.invokeTestMethod(Invoker.java:901)
	at org.testng.internal.Invoker.invokeTestMethods(Invoker.java:1231)
	at org.testng.internal.TestMethodWorker.invokeTestMethods(TestMethodWorker.java:127)
	at org.testng.internal.TestMethodWorker.run(TestMethodWorker.java:111)
	at org.testng.TestRunner.privateRun(TestRunner.java:767)
	at org.testng.TestRunner.run(TestRunner.java:617)
	at org.testng.SuiteRunner.runTest(SuiteRunner.java:334)
	at org.testng.SuiteRunner.runSequentially(SuiteRunner.java:329)
	at org.testng.SuiteRunner.privateRun(SuiteRunner.java:291)
	at org.testng.SuiteRunner.run(SuiteRunner.java:240)
	at org.testng.SuiteRunnerWorker.runSuite(SuiteRunnerWorker.java:52)
	at org.testng.SuiteRunnerWorker.run(SuiteRunnerWorker.java:86)
	at org.testng.TestNG.runSuitesSequentially(TestNG.java:1224)
	at org.testng.TestNG.runSuitesLocally(TestNG.java:1149)
	at org.testng.TestNG.run(TestNG.java:1057)
	at com.automation.appium.test.AppiumSuite.getTestNGSuite(AppiumSuite.java:37)
	at com.automation.appium.test.AppiumSuite.main(AppiumSuite.java:19)
Caused by: org.apache.http.conn.HttpHostConnectException: Connect to 127.0.0.1:4723 [/127.0.0.1] failed: Connection refused
	at org.apache.http.impl.conn.HttpClientConnectionOperator.connect(HttpClientConnectionOperator.java:138)
	at org.apache.http.impl.conn.PoolingHttpClientConnectionManager.connect(PoolingHttpClientConnectionManager.java:314)
	at org.apache.http.impl.execchain.MainClientExec.establishRoute(MainClientExec.java:363)
	at org.apache.http.impl.execchain.MainClientExec.execute(MainClientExec.java:219)
	at org.apache.http.impl.execchain.ProtocolExec.execute(ProtocolExec.java:195)
	at org.apache.http.impl.execchain.RetryExec.execute(RetryExec.java:85)
	at org.apache.http.impl.execchain.RedirectExec.execute(RedirectExec.java:108)
	at org.apache.http.impl.client.InternalHttpClient.doExecute(InternalHttpClient.java:186)
	at org.apache.http.impl.client.CloseableHttpClient.execute(CloseableHttpClient.java:72)
	at org.apache.http.impl.client.CloseableHttpClient.execute(CloseableHttpClient.java:57)
	at org.openqa.selenium.remote.HttpCommandExecutor.fallBackExecute(HttpCommandExecutor.java:222)
	at org.openqa.selenium.remote.HttpCommandExecutor.execute(HttpCommandExecutor.java:173)
	at org.openqa.selenium.remote.RemoteWebDriver.execute(RemoteWebDriver.java:572)
	... 29 more
Caused by: java.net.ConnectException: Connection refused
	at java.net.PlainSocketImpl.socketConnect(Native Method)
	at java.net.AbstractPlainSocketImpl.doConnect(AbstractPlainSocketImpl.java:339)
	at java.net.AbstractPlainSocketImpl.connectToAddress(AbstractPlainSocketImpl.java:200)
	at java.net.AbstractPlainSocketImpl.connect(AbstractPlainSocketImpl.java:182)
	at java.net.SocksSocketImpl.connect(SocksSocketImpl.java:392)
	at java.net.Socket.connect(Socket.java:579)
	at org.apache.http.conn.socket.PlainConnectionSocketFactory.connectSocket(PlainConnectionSocketFactory.java:72)
	at org.apache.http.impl.conn.HttpClientConnectionOperator.connect(HttpClientConnectionOperator.java:118)
	... 41 more
]]>
            </full-stacktrace>
          </exception> <!-- org.openqa.selenium.remote.UnreachableBrowserException -->
          <reporter-output>
          </reporter-output>
        </test-method> <!-- setUp -->
        <test-method status="SKIP" signature="testDeviceInformation()[pri:0, instance:com.automation.appium.test.TestGeneral@bedc134]" name="testDeviceInformation" duration-ms="1" started-at="2014-12-16T22:57:39Z" finished-at="2014-12-16T22:57:39Z">
          <reporter-output>
          </reporter-output>
        </test-method> <!-- testDeviceInformation -->
        <test-method status="PASS" signature="tearDown()[pri:0, instance:com.automation.appium.test.TestGeneral@bedc134]" name="tearDown" is-config="true" duration-ms="1" started-at="2014-12-16T22:57:39Z" finished-at="2014-12-16T22:57:39Z">
          <reporter-output>
          </reporter-output>
        </test-method> <!-- tearDown -->
        <test-method status="PASS" signature="afterSuite(org.testng.ITestContext)[pri:0, instance:com.automation.appium.test.TestGeneral@bedc134]" name="afterSuite" is-config="true" duration-ms="1" started-at="2014-12-16T22:57:39Z" finished-at="2014-12-16T22:57:39Z">
          <params>
            <param index="0">
              <value>
                <![CDATA[org.testng.TestRunner@2c8bb731]]>
              </value>
            </param>
          </params>
          <reporter-output>
          </reporter-output>
        </test-method> <!-- afterSuite -->
      </class> <!-- com.automation.appium.test.TestGeneral -->
    </test> <!-- TmpTest -->
  </suite> <!-- TmpSuite -->
</testng-results>
