<?xml version="1.0" encoding="UTF-8"?>
<!-- Generated by org.testng.reporters.JUnitXMLReporter -->
<testsuite hostname="dharmeshs-air.lan" name="Default test" tests="1" failures="1" timestamp="14 Oct 2014 19:34:27 GMT" time="4.884" errors="0">
  <testcase name="testStorageInformation" time="4.594" classname="com.automation.appium.test.TestStorage">
    <failure type="org.openqa.selenium.NoSuchElementException" message="An element could not be located on the page using the given search parameters. (WARNING: The server did not provide any stacktrace information)
Command duration or timeout: 7 milliseconds
For documentation on this error, please visit: http://seleniumhq.org/exceptions/no_such_element.html
Build info: version: &amp;apos;2.42.2&amp;apos;, revision: &amp;apos;6a6995d&amp;apos;, time: &amp;apos;2014-06-03 17:42:03&amp;apos;
System info: host: &amp;apos;dharmeshs-air.lan&amp;apos;, ip: &amp;apos;192.168.1.38&amp;apos;, os.name: &amp;apos;Mac OS X&amp;apos;, os.arch: &amp;apos;x86_64&amp;apos;, os.version: &amp;apos;10.9.4&amp;apos;, java.version: &amp;apos;1.6.0_65&amp;apos;
Session ID: 5c3cd674-51cd-4cb7-a225-da39d51703ec
Driver info: io.appium.java_client.AppiumDriver
Capabilities [{platform=MAC, app=/Users/dgangwar/Documents/MobileTest/AppiumSoundCloud/../../../Library/Developer/Xcode/DerivedData/SystemMonitor-boybtlcxvounyedxgfzonaqexlym/Build/Products/Debug-iphonesimulator/SystemMonitor.app, javascriptEnabled=true, browserName=iOS, autoLaunch=false, desired={platformVersion=7.0, app=/Users/dgangwar/Documents/MobileTest/AppiumSoundCloud/../../../Library/Developer/Xcode/DerivedData/SystemMonitor-boybtlcxvounyedxgfzonaqexlym/Build/Products/Debug-iphonesimulator/SystemMonitor.app, autoAcceptAlerts=true, platformName=iOS, deviceName=iPhone, browserName=iOS, autoLaunch=false, bundleId=com.antennasoftware.enterprise.sharebuilder}, locationContextEnabled=false, platformVersion=7.0, autoAcceptAlerts=true, databaseEnabled=false, deviceName=iPhone, platformName=iOS, webStorageEnabled=false, bundleId=com.antennasoftware.enterprise.sharebuilder, warnings={}, takesScreenshot=true}]">
      <![CDATA[org.openqa.selenium.NoSuchElementException: An element could not be located on the page using the given search parameters. (WARNING: The server did not provide any stacktrace information)
Command duration or timeout: 7 milliseconds
For documentation on this error, please visit: http://seleniumhq.org/exceptions/no_such_element.html
Build info: version: '2.42.2', revision: '6a6995d', time: '2014-06-03 17:42:03'
System info: host: 'dharmeshs-air.lan', ip: '192.168.1.38', os.name: 'Mac OS X', os.arch: 'x86_64', os.version: '10.9.4', java.version: '1.6.0_65'
Session ID: 5c3cd674-51cd-4cb7-a225-da39d51703ec
Driver info: io.appium.java_client.AppiumDriver
Capabilities [{platform=MAC, app=/Users/dgangwar/Documents/MobileTest/AppiumSoundCloud/../../../Library/Developer/Xcode/DerivedData/SystemMonitor-boybtlcxvounyedxgfzonaqexlym/Build/Products/Debug-iphonesimulator/SystemMonitor.app, javascriptEnabled=true, browserName=iOS, autoLaunch=false, desired={platformVersion=7.0, app=/Users/dgangwar/Documents/MobileTest/AppiumSoundCloud/../../../Library/Developer/Xcode/DerivedData/SystemMonitor-boybtlcxvounyedxgfzonaqexlym/Build/Products/Debug-iphonesimulator/SystemMonitor.app, autoAcceptAlerts=true, platformName=iOS, deviceName=iPhone, browserName=iOS, autoLaunch=false, bundleId=com.antennasoftware.enterprise.sharebuilder}, locationContextEnabled=false, platformVersion=7.0, autoAcceptAlerts=true, databaseEnabled=false, deviceName=iPhone, platformName=iOS, webStorageEnabled=false, bundleId=com.antennasoftware.enterprise.sharebuilder, warnings={}, takesScreenshot=true}]
	at sun.reflect.NativeConstructorAccessorImpl.newInstance0(Native Method)
	at sun.reflect.NativeConstructorAccessorImpl.newInstance(NativeConstructorAccessorImpl.java:39)
	at sun.reflect.DelegatingConstructorAccessorImpl.newInstance(DelegatingConstructorAccessorImpl.java:27)
	at java.lang.reflect.Constructor.newInstance(Constructor.java:513)
	at org.openqa.selenium.remote.ErrorHandler.createThrowable(ErrorHandler.java:204)
	at org.openqa.selenium.remote.ErrorHandler.throwIfResponseFailed(ErrorHandler.java:156)
	at org.openqa.selenium.remote.RemoteWebDriver.execute(RemoteWebDriver.java:599)
	at io.appium.java_client.AppiumDriver.execute(AppiumDriver.java:82)
	at org.openqa.selenium.remote.RemoteWebDriver.findElement(RemoteWebDriver.java:352)
	at io.appium.java_client.AppiumDriver.findElementByAccessibilityId(AppiumDriver.java:547)
	at com.automation.core.AppiumCommands.click(AppiumCommands.java:14)
	at com.automation.pages.MonitorPage.goToStorage(MonitorPage.java:53)
	at com.automation.appium.test.TestStorage.testStorageInformation(TestStorage.java:18)
	at sun.reflect.NativeMethodAccessorImpl.invoke0(Native Method)
	at sun.reflect.NativeMethodAccessorImpl.invoke(NativeMethodAccessorImpl.java:39)
	at sun.reflect.DelegatingMethodAccessorImpl.invoke(DelegatingMethodAccessorImpl.java:25)
	at java.lang.reflect.Method.invoke(Method.java:597)
	at org.testng.internal.MethodInvocationHelper.invokeMethod(MethodInvocationHelper.java:84)
	at org.testng.internal.Invoker.invokeMethod(Invoker.java:714)
	at org.testng.internal.Invoker.invokeTestMethod(Invoker.java:901)
	at org.testng.internal.Invoker.invokeTestMethods(Invoker.java:1231)
	at org.testng.internal.TestMethodWorker.invokeTestMethods(TestMethodWorker.java:127)
	at org.testng.internal.TestMethodWorker.run(TestMethodWorker.java:111)
	at org.testng.TestRunner.privateRun(TestRunner.java:767)
	at org.testng.TestRunner.run(TestRunner.java:617)
	at org.testng.SuiteRunner.runTest(SuiteRunner.java:334)
	at org.testng.SuiteRunner.runSequentially(SuiteRunner.java:329)
	at org.testng.SuiteRunner.privateRun(SuiteRunner.java:291)
	at org.testng.SuiteRunner.run(SuiteRunner.java:240)
	at org.testng.SuiteRunnerWorker.runSuite(SuiteRunnerWorker.java:52)
	at org.testng.SuiteRunnerWorker.run(SuiteRunnerWorker.java:86)
	at org.testng.TestNG.runSuitesSequentially(TestNG.java:1224)
	at org.testng.TestNG.runSuitesLocally(TestNG.java:1149)
	at org.testng.TestNG.run(TestNG.java:1057)
	at org.testng.remote.RemoteTestNG.run(RemoteTestNG.java:111)
	at org.testng.remote.RemoteTestNG.initAndRun(RemoteTestNG.java:204)
	at org.testng.remote.RemoteTestNG.main(RemoteTestNG.java:175)
]]>
    </failure>
  </testcase> <!-- testStorageInformation -->
</testsuite> <!-- Default test -->
